#
# There is insufficient memory for the Java Runtime Environment to continue.
# Native memory allocation (mmap) failed to map 134217728 bytes for Failed to commit area from 0x0000000080000000 to 0x0000000088000000 of length 134217728.
# Possible reasons:
#   The system is out of physical RAM or swap space
#   The process is running with CompressedOops enabled, and the Java Heap may be blocking the growth of the native heap
# Possible solutions:
#   Reduce memory load on the system
#   Increase physical memory or swap space
#   Check if swap backing store is full
#   Decrease Java heap size (-Xmx/-Xms)
#   Decrease number of Java threads
#   Decrease Java thread stack sizes (-Xss)
#   Set larger code cache with -XX:ReservedCodeCacheSize=
# This output file may be truncated or incomplete.
#
#  Out of Memory Error (./open/src/hotspot/os/windows/os_windows.cpp:3275), pid=10156, tid=13368
#
# JRE version:  (11.0.9+7) (build )
# Java VM: Java HotSpot(TM) 64-Bit Server VM (11.0.9+7-LTS, mixed mode, sharing, tiered, compressed oops, g1 gc, windows-amd64)
# No core dump will be written. Minidumps are not enabled by default on client versions of Windows
#

---------------  S U M M A R Y ------------

Command Line: org.crescendo.fmi.ShmServer -p c9a84983-6b2e-4b31-83fb-5ae5102ec031

Host: AMD FX(tm)-8320 Eight-Core Processor           , 7 cores, 7G,  Windows 10 , 64 bit Build 19041 (10.0.19041.928)
Time: Mon Apr 26 15:14:30 2021 GMT Daylight Time elapsed time: 0.131464 seconds (0d 0h 0m 0s)

---------------  T H R E A D  ---------------

Current thread (0x000001d9c77d5000):  JavaThread "Unknown thread" [_thread_in_vm, id=13368, stack(0x0000004440500000,0x0000004440600000)]

Stack: [0x0000004440500000,0x0000004440600000]
Native frames: (J=compiled Java code, j=interpreted, Vv=VM code, C=native code)
V  [jvm.dll+0x611a3a]
V  [jvm.dll+0x748aaf]
V  [jvm.dll+0x74a135]
V  [jvm.dll+0x74a7b3]
V  [jvm.dll+0x2439f8]
V  [jvm.dll+0x60eeda]
V  [jvm.dll+0x603de5]
V  [jvm.dll+0x2f785c]
V  [jvm.dll+0x2f76e2]
V  [jvm.dll+0x2fc396]
V  [jvm.dll+0x33e1df]
V  [jvm.dll+0x33dc10]
V  [jvm.dll+0x2d5aa8]
V  [jvm.dll+0x2d6c06]
V  [jvm.dll+0x724927]
V  [jvm.dll+0x7261cf]
V  [jvm.dll+0x34af59]
V  [jvm.dll+0x70a4a0]
V  [jvm.dll+0x3b415f]
V  [jvm.dll+0x3b6201]
C  [jli.dll+0x520b]
C  [ucrtbase.dll+0x21bb2]
C  [KERNEL32.DLL+0x17034]
C  [ntdll.dll+0x52651]


---------------  P R O C E S S  ---------------

Threads class SMR info:
_java_thread_list=0x000001d9c5d90a00, length=0, elements={
}

Java Threads: ( => current thread )

Other Threads:
  0x000001d9c77eb800 GCTaskThread "GC Thread#0" [stack: 0x0000004440600000,0x0000004440700000] [id=13596]
  0x000001d9c781b800 ConcurrentGCThread "G1 Main Marker" [stack: 0x0000004440700000,0x0000004440800000] [id=10048]
  0x000001d9c781e800 ConcurrentGCThread "G1 Conc#0" [stack: 0x0000004440800000,0x0000004440900000] [id=7300]

[error occurred during error reporting (printing all threads), id 0xc0000005, EXCEPTION_ACCESS_VIOLATION (0xc0000005) at pc=0x00007ffe7d4a42a7]

VM state:not at safepoint (not fully initialized)

VM Mutex/Monitor currently owned by a thread:  ([mutex/lock_event])
[0x000001d9c77d1650] Heap_lock - owner thread: 0x000001d9c77d5000

Heap address: 0x0000000080000000, size: 2048 MB, Compressed Oops mode: Non-zero based: 0x0000000080000000
Narrow klass base: 0x0000000000000000, Narrow klass shift: 0

GC Heap History (0 events):
No events

Deoptimization events (0 events):
No events

Classes redefined (0 events):
No events

Internal exceptions (0 events):
No events

Events (0 events):
No events


Dynamic libraries:
0x00007ff6d6b80000 - 0x00007ff6d6b8f000 	C:\Program Files\Java\jdk-11.0.9\bin\java.exe
0x00007ffed15f0000 - 0x00007ffed17e5000 	C:\WINDOWS\SYSTEM32\ntdll.dll
0x00007ffed0840000 - 0x00007ffed08fd000 	C:\WINDOWS\System32\KERNEL32.DLL
0x00007ffecefc0000 - 0x00007ffecf288000 	C:\WINDOWS\System32\KERNELBASE.dll
0x00007ffeceec0000 - 0x00007ffecefc0000 	C:\WINDOWS\System32\ucrtbase.dll
0x00007ffe7dd60000 - 0x00007ffe7dd78000 	C:\Program Files\Java\jdk-11.0.9\bin\jli.dll
0x00007ffed0e10000 - 0x00007ffed0ebc000 	C:\WINDOWS\System32\ADVAPI32.dll
0x00007ffed13e0000 - 0x00007ffed147e000 	C:\WINDOWS\System32\msvcrt.dll
0x00007ffed1340000 - 0x00007ffed13db000 	C:\WINDOWS\System32\sechost.dll
0x00007ffed1480000 - 0x00007ffed15ab000 	C:\WINDOWS\System32\RPCRT4.dll
0x00007ffe7dd80000 - 0x00007ffe7dd95000 	C:\Program Files\Java\jdk-11.0.9\bin\VCRUNTIME140.dll
0x00007ffed0900000 - 0x00007ffed0aa0000 	C:\WINDOWS\System32\USER32.dll
0x00007ffecf580000 - 0x00007ffecf5a2000 	C:\WINDOWS\System32\win32u.dll
0x00007ffeb4680000 - 0x00007ffeb491a000 	C:\WINDOWS\WinSxS\amd64_microsoft.windows.common-controls_6595b64144ccf1df_6.0.19041.844_none_ca00b6081b84eb1d\COMCTL32.dll
0x00007ffed0de0000 - 0x00007ffed0e0a000 	C:\WINDOWS\System32\GDI32.dll
0x00007ffecf3f0000 - 0x00007ffecf4fb000 	C:\WINDOWS\System32\gdi32full.dll
0x00007ffecf5b0000 - 0x00007ffecf64d000 	C:\WINDOWS\System32\msvcp_win.dll
0x00007ffec8340000 - 0x00007ffec834a000 	C:\WINDOWS\SYSTEM32\VERSION.dll
0x00007ffecf730000 - 0x00007ffecf760000 	C:\WINDOWS\System32\IMM32.DLL
0x00007ffe7dcc0000 - 0x00007ffe7dd5b000 	C:\Program Files\Java\jdk-11.0.9\bin\msvcp140.dll
0x00007ffe7d1c0000 - 0x00007ffe7dcb7000 	C:\Program Files\Java\jdk-11.0.9\bin\server\jvm.dll
0x00007ffed05d0000 - 0x00007ffed05d8000 	C:\WINDOWS\System32\PSAPI.DLL
0x00007ffec6820000 - 0x00007ffec6847000 	C:\WINDOWS\SYSTEM32\WINMM.dll
0x00007ffe7d1b0000 - 0x00007ffe7d1b9000 	C:\WINDOWS\SYSTEM32\WSOCK32.dll
0x00007ffecf970000 - 0x00007ffecf9db000 	C:\WINDOWS\System32\WS2_32.dll
0x00007ffeccc90000 - 0x00007ffeccca2000 	C:\WINDOWS\SYSTEM32\kernel.appcore.dll
0x00007ffe7d1a0000 - 0x00007ffe7d1b0000 	C:\Program Files\Java\jdk-11.0.9\bin\verify.dll
0x00007ffec8520000 - 0x00007ffec8704000 	C:\WINDOWS\SYSTEM32\DBGHELP.DLL
0x00007ffebb5a0000 - 0x00007ffebb5cc000 	C:\WINDOWS\SYSTEM32\dbgcore.DLL
0x00007ffecf500000 - 0x00007ffecf580000 	C:\WINDOWS\System32\bcryptPrimitives.dll
0x00007ffe7d170000 - 0x00007ffe7d198000 	C:\Program Files\Java\jdk-11.0.9\bin\java.dll
0x00007ffe7d160000 - 0x00007ffe7d16a000 	C:\Program Files\Java\jdk-11.0.9\bin\jimage.dll
0x00007ffe7d140000 - 0x00007ffe7d156000 	C:\Program Files\Java\jdk-11.0.9\bin\zip.dll

dbghelp: loaded successfully - version: 4.0.5 - missing functions: none
symbol engine: initialized successfully - sym options: 0x614 - pdb path: .;C:\Program Files\Java\jdk-11.0.9\bin;C:\WINDOWS\SYSTEM32;C:\WINDOWS\WinSxS\amd64_microsoft.windows.common-controls_6595b64144ccf1df_6.0.19041.844_none_ca00b6081b84eb1d;C:\Program Files\Java\jdk-11.0.9\bin\server

VM Arguments:
java_command: org.crescendo.fmi.ShmServer -p c9a84983-6b2e-4b31-83fb-5ae5102ec031
java_class_path (initial): fmi-interpreter-jar-with-dependencies.jar
Launcher Type: SUN_STANDARD

[Global flags]
     intx CICompilerCount                          = 3                                         {product} {ergonomic}
     uint ConcGCThreads                            = 2                                         {product} {ergonomic}
     uint G1ConcRefinementThreads                  = 7                                         {product} {ergonomic}
   size_t G1HeapRegionSize                         = 1048576                                   {product} {ergonomic}
    uintx GCDrainStackTargetSize                   = 64                                        {product} {ergonomic}
   size_t InitialHeapSize                          = 134217728                                 {product} {ergonomic}
   size_t MarkStackSize                            = 4194304                                   {product} {ergonomic}
   size_t MaxHeapSize                              = 2147483648                                {product} {ergonomic}
   size_t MinHeapDeltaBytes                        = 1048576                                   {product} {ergonomic}
    uintx NonNMethodCodeHeapSize                   = 5830732                                {pd product} {ergonomic}
    uintx NonProfiledCodeHeapSize                  = 122913754                              {pd product} {ergonomic}
    uintx ProfiledCodeHeapSize                     = 122913754                              {pd product} {ergonomic}
    uintx ReservedCodeCacheSize                    = 251658240                              {pd product} {ergonomic}
     bool SegmentedCodeCache                       = true                                      {product} {ergonomic}
     bool UseCompressedClassPointers               = true                                 {lp64_product} {ergonomic}
     bool UseCompressedOops                        = true                                 {lp64_product} {ergonomic}
     bool UseG1GC                                  = true                                      {product} {ergonomic}
     bool UseLargePagesIndividualAllocation        = false                                  {pd product} {ergonomic}

Logging:
Log output configuration:
 #0: stdout all=warning uptime,level,tags
 #1: stderr all=off uptime,level,tags

Environment Variables:
PATH=C:\Program Files\Common Files\Oracle\Java\javapath;C:\Program Files\Java\jdk-11.0.10\bin;C:\Program Files (x86)\AdoptOpenJDK\jre-11.0.9.11-hotspot\bin;C:\WINDOWS\system32;C:\WINDOWS;C:\WINDOWS\System32\Wbem;C:\WINDOWS\System32\WindowsPowerShell\v1.0\;C:\WINDOWS\System32\OpenSSH\;C:\Program Files\MIT\Kerberos\bin;C:\Program Files\PuTTY\;C:\Users\Samuel\AppData\Local\Microsoft\WindowsApps;
USERNAME=Samuel
OS=Windows_NT
PROCESSOR_IDENTIFIER=AMD64 Family 21 Model 2 Stepping 0, AuthenticAMD



---------------  S Y S T E M  ---------------

OS: Windows 10 , 64 bit Build 19041 (10.0.19041.928)
KVM virtualization detected

CPU:total 7 (initial active 7) (7 cores per cpu, 1 threads per core) family 21 model 2 stepping 0, cmov, cx8, fxsr, mmx, sse, sse2, sse3, ssse3, sse4.1, sse4.2, popcnt, avx, aes, clmul, mmxext, 3dnowpref, lzcnt, sse4a, tsc, bmi1, fma

Memory: 4k page, system-wide physical 8189M (354M free)
TotalPageFile size 16374M (AvailPageFile size 122M)
current process WorkingSet (physical memory assigned to process): 9M, peak: 9M
current process commit charge ("private bytes"): 58M, peak: 185M

vm_info: Java HotSpot(TM) 64-Bit Server VM (11.0.9+7-LTS) for windows-amd64 JRE (11.0.9+7-LTS), built on Sep 15 2020 16:47:03 by "mach5one" with MS VC++ 15.9 (VS2017)

END.
